This is pdfTeX, Version 3.141592653-2.6-1.40.25 (MiKTeX 23.12) (preloaded format=pdflatex 2024.1.12)  25 JAN 2024 17:46
entering extended mode
 restricted \write18 enabled.
 file:line:error style messages enabled.
 %&-line parsing enabled.
**c:/Users/minyo/Desktop/Documents/USCSpring2024/Math466/Assignment02/finalsub.tex
(c:/Users/minyo/Desktop/Documents/USCSpring2024/Math466/Assignment02/finalsub.tex
LaTeX2e <2023-11-01>
L3 programming layer <2024-01-04>
(C:\Users\minyo\AppData\Local\Programs\MiKTeX\tex/latex/base\article.cls
Document Class: article 2023/05/17 v1.4n Standard LaTeX document class
(C:\Users\minyo\AppData\Local\Programs\MiKTeX\tex/latex/base\size10.clo
File: size10.clo 2023/05/17 v1.4n Standard LaTeX file (size option)
)
\c@part=\count187
\c@section=\count188
\c@subsection=\count189
\c@subsubsection=\count190
\c@paragraph=\count191
\c@subparagraph=\count192
\c@figure=\count193
\c@table=\count194
\abovecaptionskip=\skip48
\belowcaptionskip=\skip49
\bibindent=\dimen140
) (C:\Users\minyo\AppData\Local\Programs\MiKTeX\tex/latex/graphics\graphicx.sty
Package: graphicx 2021/09/16 v1.2d Enhanced LaTeX Graphics (DPC,SPQR)
 (C:\Users\minyo\AppData\Local\Programs\MiKTeX\tex/latex/graphics\keyval.sty
Package: keyval 2022/05/29 v1.15 key=value parser (DPC)
\KV@toks@=\toks17
) (C:\Users\minyo\AppData\Local\Programs\MiKTeX\tex/latex/graphics\graphics.sty
Package: graphics 2022/03/10 v1.4e Standard LaTeX Graphics (DPC,SPQR)
 (C:\Users\minyo\AppData\Local\Programs\MiKTeX\tex/latex/graphics\trig.sty
Package: trig 2021/08/11 v1.11 sin cos tan (DPC)
) (C:\Users\minyo\AppData\Local\Programs\MiKTeX\tex/latex/graphics-cfg\graphics.cfg
File: graphics.cfg 2016/06/04 v1.11 sample graphics configuration
)
Package graphics Info: Driver file: pdftex.def on input line 107.
 (C:\Users\minyo\AppData\Local\Programs\MiKTeX\tex/latex/graphics-def\pdftex.def
File: pdftex.def 2022/09/22 v1.2b Graphics/color driver for pdftex
))
\Gin@req@height=\dimen141
\Gin@req@width=\dimen142
) (C:\Users\minyo\AppData\Local\Programs\MiKTeX\tex/latex/l3backend\l3backend-pdftex.def
File: l3backend-pdftex.def 2024-01-04 L3 backend support: PDF output (pdfTeX)
\l__color_backend_stack_int=\count195
\l__pdf_internal_box=\box51
) (finalsub.aux)
\openout1 = `finalsub.aux'.

LaTeX Font Info:    Checking defaults for OML/cmm/m/it on input line 7.
LaTeX Font Info:    ... okay on input line 7.
LaTeX Font Info:    Checking defaults for OMS/cmsy/m/n on input line 7.
LaTeX Font Info:    ... okay on input line 7.
LaTeX Font Info:    Checking defaults for OT1/cmr/m/n on input line 7.
LaTeX Font Info:    ... okay on input line 7.
LaTeX Font Info:    Checking defaults for T1/cmr/m/n on input line 7.
LaTeX Font Info:    ... okay on input line 7.
LaTeX Font Info:    Checking defaults for TS1/cmr/m/n on input line 7.
LaTeX Font Info:    ... okay on input line 7.
LaTeX Font Info:    Checking defaults for OMX/cmex/m/n on input line 7.
LaTeX Font Info:    ... okay on input line 7.
LaTeX Font Info:    Checking defaults for U/cmr/m/n on input line 7.
LaTeX Font Info:    ... okay on input line 7.
 (C:\Users\minyo\AppData\Local\Programs\MiKTeX\tex/context/base/mkii\supp-pdf.mkii
[Loading MPS to PDF converter (version 2006.09.02).]
\scratchcounter=\count196
\scratchdimen=\dimen143
\scratchbox=\box52
\nofMPsegments=\count197
\nofMParguments=\count198
\everyMPshowfont=\toks18
\MPscratchCnt=\count199
\MPscratchDim=\dimen144
\MPnumerator=\count266
\makeMPintoPDFobject=\count267
\everyMPtoPDFconversion=\toks19
) (C:\Users\minyo\AppData\Local\Programs\MiKTeX\tex/latex/epstopdf-pkg\epstopdf-base.sty
Package: epstopdf-base 2020-01-24 v2.11 Base part for package epstopdf
Package epstopdf-base Info: Redefining graphics rule for `.eps' on input line 485.
 (C:\Users\minyo\AppData\Local\Programs\MiKTeX\tex/latex/00miktex\epstopdf-sys.cfg
File: epstopdf-sys.cfg 2021/03/18 v2.0 Configuration of epstopdf for MiKTeX
))
LaTeX Font Info:    External font `cmex10' loaded for size
(Font)              <12> on input line 8.
LaTeX Font Info:    External font `cmex10' loaded for size
(Font)              <8> on input line 8.
LaTeX Font Info:    External font `cmex10' loaded for size
(Font)              <6> on input line 8.
<pseudocode1a.png, id=1, 1409.265pt x 1560.5803pt>
File: pseudocode1a.png Graphic file (type png)
<use pseudocode1a.png>
Package pdftex.def Info: pseudocode1a.png  used on input line 13.
(pdftex.def)             Requested size: 281.848pt x 312.11053pt.
<pseudocode1b.png, id=3, 1409.265pt x 1531.22063pt>
File: pseudocode1b.png Graphic file (type png)
<use pseudocode1b.png>
Package pdftex.def Info: pseudocode1b.png  used on input line 15.
(pdftex.def)             Requested size: 281.848pt x 306.2387pt.
 [1

{C:/Users/minyo/AppData/Local/MiKTeX/fonts/map/pdftex/pdftex.map} <./pseudocode1a.png>] [2 <./pseudocode1b.png>]
<pseudocode2.png, id=17, 1056.94875pt x 1490.56876pt>
File: pseudocode2.png Graphic file (type png)
<use pseudocode2.png>
Package pdftex.def Info: pseudocode2.png  used on input line 20.
(pdftex.def)             Requested size: 264.23654pt x 372.64128pt.
 [3 <./pseudocode2.png (PNG copy)>]
Overfull \hbox (43.49661pt too wide) in paragraph at lines 89--89
[]\OT1/cmtt/m/n/10 %   Init_Config: An nxn matrix of cells containing either a 1 (alive) or 0[] 
 []


Overfull \hbox (32.9967pt too wide) in paragraph at lines 89--89
[]\OT1/cmtt/m/n/10 % (dead). Acts as the initial configuration of the grid and is the first[] 
 []


Overfull \hbox (1.49698pt too wide) in paragraph at lines 89--89
[]\OT1/cmtt/m/n/10 %   Generations: An integer containing the number of "frames" this[] 
 []


Overfull \hbox (38.24666pt too wide) in paragraph at lines 89--89
[]\OT1/cmtt/m/n/10 %   Simulation: A 3-dimensional matrix containing Generations "frames" of[] 
 []


Overfull \hbox (38.24666pt too wide) in paragraph at lines 89--89
[]\OT1/cmtt/m/n/10 % nxn grids (nxnxGenerations) of the Game of Life being simulated on each[] 
 []

[4]
Overfull \hbox (17.24684pt too wide) in paragraph at lines 125--125
[]\OT1/cmtt/m/n/10 % A function that counts the "neighboring cells" of (i, j) by using a[] 
 []


Overfull \hbox (1.49698pt too wide) in paragraph at lines 125--125
[]\OT1/cmtt/m/n/10 %   A_g: A (n+1)x(n+1) matrix that contains the gth "frame" of the[] 
 []


Overfull \hbox (11.99689pt too wide) in paragraph at lines 125--125
[]\OT1/cmtt/m/n/10 %   i, j: The coordinates (row, col) of A_g that we want to cout the[] 
 []

[5] [6] [7] (finalsub.aux)
 ***********
LaTeX2e <2023-11-01>
L3 programming layer <2024-01-04>
 ***********
 ) 
Here is how much of TeX's memory you used:
 1321 strings out of 474486
 22484 string characters out of 5743755
 1938528 words of memory out of 5000000
 23642 multiletter control sequences out of 15000+600000
 561877 words of font info for 49 fonts, out of 8000000 for 9000
 1141 hyphenation exceptions out of 8191
 57i,6n,65p,253b,275s stack positions out of 10000i,1000n,20000p,200000b,200000s
<C:/Users/minyo/AppData/Local/Programs/MiKTeX/fonts/type1/public/amsfonts/cm/cmbx12.pfb><C:/Users/minyo/AppData/Local/Programs/MiKTeX/fonts/type1/public/amsfonts/cm/cmr10.pfb><C:/Users/minyo/AppData/Local/Programs/MiKTeX/fonts/type1/public/amsfonts/cm/cmr12.pfb><C:/Users/minyo/AppData/Local/Programs/MiKTeX/fonts/type1/public/amsfonts/cm/cmr17.pfb><C:/Users/minyo/AppData/Local/Programs/MiKTeX/fonts/type1/public/amsfonts/cm/cmtt10.pfb>
Output written on finalsub.pdf (7 pages, 244309 bytes).
PDF statistics:
 57 PDF objects out of 1000 (max. 8388607)
 0 named destinations out of 1000 (max. 500000)
 16 words of extra memory for PDF output out of 10000 (max. 10000000)

